<?xml version="1.0" encoding="UTF-8"?>
<!-- Generated by org.testng.reporters.JUnitReportReporter -->
<testsuite hostname="DESKTOP-SOL10J7" failures="0" tests="1" name="com.inetbanking.testCases.TC_Logintest_001" time="9.911" errors="0" timestamp="2022-04-30T22:49:46 IST" skipped="0">
  <testcase classname="com.inetbanking.testCases.TC_Logintest_001" name="LoginTest" time="9.911"/>
  <system-out/>
</testsuite> <!-- com.inetbanking.testCases.TC_Logintest_001 -->
